app/build/outputs/logs/manifest-merger-debug-report.txt
-- Merging decision tree log ---
manifest
ADDED from src\main\AndroidManifest.xml:2:1-39:12
	xmlns:android
		ADDED from src\main\AndroidManifest.xml:2:11-69
	package
		ADDED from src\main\AndroidManifest.xml:3:2-34
		INJECTED from src\main\AndroidManifest.xml
		INJECTED from src\main\AndroidManifest.xml
	android:versionName
		ADDED from src\main\AndroidManifest.xml:5:2-27
		INJECTED from src\main\AndroidManifest.xml
		INJECTED from src\main\AndroidManifest.xml
	android:versionCode
		ADDED from src\main\AndroidManifest.xml:4:2-25
		INJECTED from src\main\AndroidManifest.xml
		INJECTED from src\main\AndroidManifest.xml
uses-sdk
ADDED from src\main\AndroidManifest.xml:7:2-9:35
	android:targetSdkVersion
		ADDED from src\main\AndroidManifest.xml:9:3-32
		INJECTED from src\main\AndroidManifest.xml
		INJECTED from src\main\AndroidManifest.xml
	android:minSdkVersion
		ADDED from src\main\AndroidManifest.xml:8:3-29
		INJECTED from src\main\AndroidManifest.xml
		INJECTED from src\main\AndroidManifest.xml
application
ADDED from src\main\AndroidManifest.xml:11:2-37:16
	android:label
		ADDED from src\main\AndroidManifest.xml:14:3-35
	android:allowBackup
		ADDED from src\main\AndroidManifest.xml:12:3-29
	android:icon
		ADDED from src\main\AndroidManifest.xml:13:3-39
	android:theme
		ADDED from src\main\AndroidManifest.xml:15:3-34
activity#com.sovnem.lockrelease.MainActivity
ADDED from src\main\AndroidManifest.xml:16:3-24:14
	android:label
		ADDED from src\main\AndroidManifest.xml:18:4-36
	android:name
		ADDED from src\main\AndroidManifest.xml:17:4-32
intent-filter#android.intent.action.MAIN+android.intent.category.LAUNCHER
ADDED from src\main\AndroidManifest.xml:19:4-23:20
action#android.intent.action.MAIN
ADDED from src\main\AndroidManifest.xml:20:5-57
	android:name
		ADDED from src\main\AndroidManifest.xml:20:13-54
category#android.intent.category.LAUNCHER
ADDED from src\main\AndroidManifest.xml:22:5-65
	android:name
		ADDED from src\main\AndroidManifest.xml:22:15-62
activity#com.sovnem.lockrelease.SetsecretActivity
ADDED from src\main\AndroidManifest.xml:25:3-28:14
	android:label
		ADDED from src\main\AndroidManifest.xml:27:4-52
	android:name
		ADDED from src\main\AndroidManifest.xml:26:4-37
activity#com.sovnem.lockrelease.VerifyActivity
ADDED from src\main\AndroidManifest.xml:29:3-32:14
	android:label
		ADDED from src\main\AndroidManifest.xml:31:4-49
	android:name
		ADDED from src\main\AndroidManifest.xml:30:4-34
activity#com.sovnem.lockrelease.OtherActivity
ADDED from src\main\AndroidManifest.xml:33:3-36:14
	android:label
		ADDED from src\main\AndroidManifest.xml:35:4-48
	android:name
		ADDED from src\main\AndroidManifest.xml:34:4-33